The target system is: Generic - 0.0.0 - 
The host system is: Windows - 10.0.19045 - AMD64
Compiling the C compiler identification source file "CMakeCCompilerId.c" succeeded.
Compiler: C:/x86_64-elf-tools-windows/bin/x86_64-elf-gcc.exe 
Build flags: -g;-c;-O0;-m32;-fno-pie;-fno-stack-protector;-fno-asynchronous-unwind-tables
Id flags:  

The output was:
0


Compilation of the C compiler identification source "CMakeCCompilerId.c" produced "CMakeCCompilerId.o"

The C compiler identification is GNU, found in "E:/JHY/Write-Linux-lishutong/Write-Linux-2.0/start/c04.09/build/CMakeFiles/3.23.1/CompilerIdC/CMakeCCompilerId.o"

Determining if the C compiler works passed with the following output:
Change Dir: E:/JHY/Write-Linux-lishutong/Write-Linux-2.0/start/c04.09/build/CMakeFiles/CMakeTmp

Run Build Command(s):C:/x86_64-elf-tools-windows/bin/make.exe -f Makefile cmTC_d126d/fast && C:/x86_64-elf-tools-windows/bin/make.exe  -f CMakeFiles/cmTC_d126d.dir/build.make CMakeFiles/cmTC_d126d.dir/build
make[1]: Entering directory 'E:/JHY/Write-Linux-lishutong/Write-Linux-2.0/start/c04.09/build/CMakeFiles/CMakeTmp'
Building C object CMakeFiles/cmTC_d126d.dir/testCCompiler.c.obj
C:/x86_64-elf-tools-windows/bin/x86_64-elf-gcc.exe   -g -c -O0 -m32 -fno-pie -fno-stack-protector -fno-asynchronous-unwind-tables  -o CMakeFiles/cmTC_d126d.dir/testCCompiler.c.obj -c E:/JHY/Write-Linux-lishutong/Write-Linux-2.0/start/c04.09/build/CMakeFiles/CMakeTmp/testCCompiler.c
Linking C executable cmTC_d126d
C:/x86_64-elf-tools-windows/bin/x86_64-elf-gcc.exe -g -c -O0 -m32 -fno-pie -fno-stack-protector -fno-asynchronous-unwind-tables  "CMakeFiles/cmTC_d126d.dir/testCCompiler.c.obj"  -o cmTC_d126d 
x86_64-elf-gcc.exe: warning: CMakeFiles/cmTC_d126d.dir/testCCompiler.c.obj: linker input file unused because linking not done
make[1]: Leaving directory 'E:/JHY/Write-Linux-lishutong/Write-Linux-2.0/start/c04.09/build/CMakeFiles/CMakeTmp'



Checking whether the ASM compiler is GNU using "--version" matched "(GNU assembler)|(GCC)|(Free Software Foundation)":
x86_64-elf-gcc.exe (GCC) 7.1.0
Copyright (C) 2017 Free Software Foundation, Inc.
This is free software; see the source for copying conditions.  There is NO
warranty; not even for MERCHANTABILITY or FITNESS FOR A PARTICULAR PURPOSE.

